Performing C++ SOURCE FILE Test HAS_MARCH failed with the following output:
Change Dir: /home/dell/Desktop/xxxx/Uni/Acumino/6DOF_tracking/ICG/build/CMakeFiles/CMakeTmp

Run Build Command(s):/usr/bin/make cmTC_0f4a7/fast && /usr/bin/make -f CMakeFiles/cmTC_0f4a7.dir/build.make CMakeFiles/cmTC_0f4a7.dir/build
make[1]: Entering directory '/home/dell/Desktop/xxxx/Uni/Acumino/6DOF_tracking/ICG/build/CMakeFiles/CMakeTmp'
Building CXX object CMakeFiles/cmTC_0f4a7.dir/src.cxx.o
/usr/bin/c++    -fopenmp -fopenmp -DHAS_MARCH   -march -o CMakeFiles/cmTC_0f4a7.dir/src.cxx.o -c /home/dell/Desktop/xxxx/Uni/Acumino/6DOF_tracking/ICG/build/CMakeFiles/CMakeTmp/src.cxx
c++: error: unrecognized command line option '-march'
make[1]: *** [CMakeFiles/cmTC_0f4a7.dir/build.make:66: CMakeFiles/cmTC_0f4a7.dir/src.cxx.o] Error 1
make[1]: Leaving directory '/home/dell/Desktop/xxxx/Uni/Acumino/6DOF_tracking/ICG/build/CMakeFiles/CMakeTmp'
make: *** [Makefile:121: cmTC_0f4a7/fast] Error 2


Source file was:
int main() { return 0; }
Performing C++ SOURCE FILE Test HAS_MTUNE failed with the following output:
Change Dir: /home/dell/Desktop/xxxx/Uni/Acumino/6DOF_tracking/ICG/build/CMakeFiles/CMakeTmp

Run Build Command(s):/usr/bin/make cmTC_2cff6/fast && /usr/bin/make -f CMakeFiles/cmTC_2cff6.dir/build.make CMakeFiles/cmTC_2cff6.dir/build
make[1]: Entering directory '/home/dell/Desktop/xxxx/Uni/Acumino/6DOF_tracking/ICG/build/CMakeFiles/CMakeTmp'
Building CXX object CMakeFiles/cmTC_2cff6.dir/src.cxx.o
/usr/bin/c++    -fopenmp -fopenmp -DHAS_MTUNE   -mtune -o CMakeFiles/cmTC_2cff6.dir/src.cxx.o -c /home/dell/Desktop/xxxx/Uni/Acumino/6DOF_tracking/ICG/build/CMakeFiles/CMakeTmp/src.cxx
c++: error: unrecognized command line option '-mtune'
make[1]: *** [CMakeFiles/cmTC_2cff6.dir/build.make:66: CMakeFiles/cmTC_2cff6.dir/src.cxx.o] Error 1
make[1]: Leaving directory '/home/dell/Desktop/xxxx/Uni/Acumino/6DOF_tracking/ICG/build/CMakeFiles/CMakeTmp'
make: *** [Makefile:121: cmTC_2cff6/fast] Error 2


Source file was:
int main() { return 0; }
Performing C++ SOURCE FILE Test HAS_Z7 failed with the following output:
Change Dir: /home/dell/Desktop/xxxx/Uni/Acumino/6DOF_tracking/ICG/build/CMakeFiles/CMakeTmp

Run Build Command(s):/usr/bin/make cmTC_910c2/fast && /usr/bin/make -f CMakeFiles/cmTC_910c2.dir/build.make CMakeFiles/cmTC_910c2.dir/build
make[1]: Entering directory '/home/dell/Desktop/xxxx/Uni/Acumino/6DOF_tracking/ICG/build/CMakeFiles/CMakeTmp'
Building CXX object CMakeFiles/cmTC_910c2.dir/src.cxx.o
/usr/bin/c++    -fopenmp -fopenmp -DHAS_Z7   -Z7 -o CMakeFiles/cmTC_910c2.dir/src.cxx.o -c /home/dell/Desktop/xxxx/Uni/Acumino/6DOF_tracking/ICG/build/CMakeFiles/CMakeTmp/src.cxx
c++: error: unrecognized command line option '-Z7'; did you mean '-Z'?
make[1]: *** [CMakeFiles/cmTC_910c2.dir/build.make:66: CMakeFiles/cmTC_910c2.dir/src.cxx.o] Error 1
make[1]: Leaving directory '/home/dell/Desktop/xxxx/Uni/Acumino/6DOF_tracking/ICG/build/CMakeFiles/CMakeTmp'
make: *** [Makefile:121: cmTC_910c2/fast] Error 2


Source file was:
int main() { return 0; }
Performing C++ SOURCE FILE Test HAS_OD failed with the following output:
Change Dir: /home/dell/Desktop/xxxx/Uni/Acumino/6DOF_tracking/ICG/build/CMakeFiles/CMakeTmp

Run Build Command(s):/usr/bin/make cmTC_25235/fast && /usr/bin/make -f CMakeFiles/cmTC_25235.dir/build.make CMakeFiles/cmTC_25235.dir/build
make[1]: Entering directory '/home/dell/Desktop/xxxx/Uni/Acumino/6DOF_tracking/ICG/build/CMakeFiles/CMakeTmp'
Building CXX object CMakeFiles/cmTC_25235.dir/src.cxx.o
/usr/bin/c++    -fopenmp -fopenmp -DHAS_OD   -Od -o CMakeFiles/cmTC_25235.dir/src.cxx.o -c /home/dell/Desktop/xxxx/Uni/Acumino/6DOF_tracking/ICG/build/CMakeFiles/CMakeTmp/src.cxx
cc1plus: error: argument to '-O' should be a non-negative integer, 'g', 's' or 'fast'
make[1]: *** [CMakeFiles/cmTC_25235.dir/build.make:66: CMakeFiles/cmTC_25235.dir/src.cxx.o] Error 1
make[1]: Leaving directory '/home/dell/Desktop/xxxx/Uni/Acumino/6DOF_tracking/ICG/build/CMakeFiles/CMakeTmp'
make: *** [Makefile:121: cmTC_25235/fast] Error 2


Source file was:
int main() { return 0; }
Performing C++ SOURCE FILE Test HAS_OB3 failed with the following output:
Change Dir: /home/dell/Desktop/xxxx/Uni/Acumino/6DOF_tracking/ICG/build/CMakeFiles/CMakeTmp

Run Build Command(s):/usr/bin/make cmTC_ad1f2/fast && /usr/bin/make -f CMakeFiles/cmTC_ad1f2.dir/build.make CMakeFiles/cmTC_ad1f2.dir/build
make[1]: Entering directory '/home/dell/Desktop/xxxx/Uni/Acumino/6DOF_tracking/ICG/build/CMakeFiles/CMakeTmp'
Building CXX object CMakeFiles/cmTC_ad1f2.dir/src.cxx.o
/usr/bin/c++    -fopenmp -fopenmp -DHAS_OB3   -Ob3 -o CMakeFiles/cmTC_ad1f2.dir/src.cxx.o -c /home/dell/Desktop/xxxx/Uni/Acumino/6DOF_tracking/ICG/build/CMakeFiles/CMakeTmp/src.cxx
cc1plus: error: argument to '-O' should be a non-negative integer, 'g', 's' or 'fast'
make[1]: *** [CMakeFiles/cmTC_ad1f2.dir/build.make:66: CMakeFiles/cmTC_ad1f2.dir/src.cxx.o] Error 1
make[1]: Leaving directory '/home/dell/Desktop/xxxx/Uni/Acumino/6DOF_tracking/ICG/build/CMakeFiles/CMakeTmp'
make: *** [Makefile:121: cmTC_ad1f2/fast] Error 2


Source file was:
int main() { return 0; }
Performing C++ SOURCE FILE Test HAS_OB2 failed with the following output:
Change Dir: /home/dell/Desktop/xxxx/Uni/Acumino/6DOF_tracking/ICG/build/CMakeFiles/CMakeTmp

Run Build Command(s):/usr/bin/make cmTC_1d8c7/fast && /usr/bin/make -f CMakeFiles/cmTC_1d8c7.dir/build.make CMakeFiles/cmTC_1d8c7.dir/build
make[1]: Entering directory '/home/dell/Desktop/xxxx/Uni/Acumino/6DOF_tracking/ICG/build/CMakeFiles/CMakeTmp'
Building CXX object CMakeFiles/cmTC_1d8c7.dir/src.cxx.o
/usr/bin/c++    -fopenmp -fopenmp -DHAS_OB2   -Ob2 -o CMakeFiles/cmTC_1d8c7.dir/src.cxx.o -c /home/dell/Desktop/xxxx/Uni/Acumino/6DOF_tracking/ICG/build/CMakeFiles/CMakeTmp/src.cxx
cc1plus: error: argument to '-O' should be a non-negative integer, 'g', 's' or 'fast'
make[1]: *** [CMakeFiles/cmTC_1d8c7.dir/build.make:66: CMakeFiles/cmTC_1d8c7.dir/src.cxx.o] Error 1
make[1]: Leaving directory '/home/dell/Desktop/xxxx/Uni/Acumino/6DOF_tracking/ICG/build/CMakeFiles/CMakeTmp'
make: *** [Makefile:121: cmTC_1d8c7/fast] Error 2


Source file was:
int main() { return 0; }
